<?xml version="1.0" encoding="UTF-8"?>
<testng-results skipped="0" failed="3" total="6" passed="3">
  <reporter-output>
  </reporter-output>
  <suite name="Default suite" duration-ms="51357" started-at="2022-07-02T07:46:08Z" finished-at="2022-07-02T07:47:00Z">
    <groups>
    </groups>
    <test name="Default test" duration-ms="51357" started-at="2022-07-02T07:46:08Z" finished-at="2022-07-02T07:47:00Z">
      <class name="dataDrivenTesting.SendMessageTestCase">
        <test-method status="PASS" signature="setup()[pri:0, instance:dataDrivenTesting.SendMessageTestCase@c038203]" name="setup" is-config="true" duration-ms="3023" started-at="2022-07-02T13:16:10Z" finished-at="2022-07-02T13:16:13Z">
          <reporter-output>
          </reporter-output>
        </test-method> <!-- setup -->
        <test-method status="PASS" signature="sendBulkMessage(java.lang.String, java.lang.String, java.lang.String, java.lang.String, java.lang.String)[pri:0, instance:dataDrivenTesting.SendMessageTestCase@c038203]" name="sendBulkMessage" duration-ms="6139" started-at="2022-07-02T13:16:13Z" data-provider="gettestdata" finished-at="2022-07-02T13:16:19Z">
          <params>
            <param index="0">
              <value>
                <![CDATA[Salesforce Training]]>
              </value>
            </param>
            <param index="1">
              <value>
                <![CDATA[Salesforce ]]>
              </value>
            </param>
            <param index="2">
              <value>
                <![CDATA[https://swhizzSalesforce.com]]>
              </value>
            </param>
            <param index="3">
              <value>
                <![CDATA[salesforce batch starts from 01/07/2022]]>
              </value>
            </param>
            <param index="4">
              <value>
                <![CDATA[Pass]]>
              </value>
            </param>
          </params>
          <reporter-output>
          </reporter-output>
        </test-method> <!-- sendBulkMessage -->
        <test-method status="PASS" signature="teardown()[pri:0, instance:dataDrivenTesting.SendMessageTestCase@c038203]" name="teardown" is-config="true" duration-ms="368" started-at="2022-07-02T13:16:19Z" finished-at="2022-07-02T13:16:20Z">
          <reporter-output>
          </reporter-output>
        </test-method> <!-- teardown -->
        <test-method status="PASS" signature="setup()[pri:0, instance:dataDrivenTesting.SendMessageTestCase@c038203]" name="setup" is-config="true" duration-ms="2321" started-at="2022-07-02T13:16:20Z" finished-at="2022-07-02T13:16:22Z">
          <reporter-output>
          </reporter-output>
        </test-method> <!-- setup -->
        <test-method status="FAIL" signature="sendBulkMessage(java.lang.String, java.lang.String, java.lang.String, java.lang.String, java.lang.String)[pri:0, instance:dataDrivenTesting.SendMessageTestCase@c038203]" name="sendBulkMessage" duration-ms="3561" started-at="2022-07-02T13:16:22Z" data-provider="gettestdata" finished-at="2022-07-02T13:16:26Z">
          <params>
            <param index="0">
              <value>
                <![CDATA[DevOps]]>
              </value>
            </param>
            <param index="1">
              <value>
                <![CDATA[DevOps]]>
              </value>
            </param>
            <param index="2">
              <value>
                <![CDATA[https://swhizzdevops.com]]>
              </value>
            </param>
            <param index="3">
              <value>
                <![CDATA[DevOps batch starts from 02/07/2022]]>
              </value>
            </param>
            <param index="4">
              <value>
                <![CDATA[Fail]]>
              </value>
            </param>
          </params>
          <exception class="java.lang.AssertionError">
            <message>
              <![CDATA[expected [true] but found [false]]]>
            </message>
            <full-stacktrace>
              <![CDATA[java.lang.AssertionError: expected [true] but found [false]
	at org.testng.Assert.fail(Assert.java:94)
	at org.testng.Assert.failNotEquals(Assert.java:513)
	at org.testng.Assert.assertTrue(Assert.java:42)
	at org.testng.Assert.assertTrue(Assert.java:52)
	at dataDrivenTesting.SendMessageTestCase.sendBulkMessage(SendMessageTestCase.java:67)
	at sun.reflect.NativeMethodAccessorImpl.invoke0(Native Method)
	at sun.reflect.NativeMethodAccessorImpl.invoke(Unknown Source)
	at sun.reflect.DelegatingMethodAccessorImpl.invoke(Unknown Source)
	at java.lang.reflect.Method.invoke(Unknown Source)
	at org.testng.internal.MethodInvocationHelper.invokeMethod(MethodInvocationHelper.java:100)
	at org.testng.internal.Invoker.invokeMethod(Invoker.java:646)
	at org.testng.internal.Invoker.invokeTestMethod(Invoker.java:811)
	at org.testng.internal.Invoker.invokeTestMethods(Invoker.java:1137)
	at org.testng.internal.TestMethodWorker.invokeTestMethods(TestMethodWorker.java:129)
	at org.testng.internal.TestMethodWorker.run(TestMethodWorker.java:112)
	at org.testng.TestRunner.privateRun(TestRunner.java:753)
	at org.testng.TestRunner.run(TestRunner.java:607)
	at org.testng.SuiteRunner.runTest(SuiteRunner.java:368)
	at org.testng.SuiteRunner.runSequentially(SuiteRunner.java:363)
	at org.testng.SuiteRunner.privateRun(SuiteRunner.java:321)
	at org.testng.SuiteRunner.run(SuiteRunner.java:270)
	at org.testng.SuiteRunnerWorker.runSuite(SuiteRunnerWorker.java:52)
	at org.testng.SuiteRunnerWorker.run(SuiteRunnerWorker.java:86)
	at org.testng.TestNG.runSuitesSequentially(TestNG.java:1284)
	at org.testng.TestNG.runSuitesLocally(TestNG.java:1209)
	at org.testng.TestNG.runSuites(TestNG.java:1124)
	at org.testng.TestNG.run(TestNG.java:1096)
	at org.testng.remote.AbstractRemoteTestNG.run(AbstractRemoteTestNG.java:132)
	at org.testng.remote.RemoteTestNG.initAndRun(RemoteTestNG.java:236)
	at org.testng.remote.RemoteTestNG.main(RemoteTestNG.java:81)
]]>
            </full-stacktrace>
          </exception> <!-- java.lang.AssertionError -->
          <reporter-output>
          </reporter-output>
        </test-method> <!-- sendBulkMessage -->
        <test-method status="PASS" signature="teardown()[pri:0, instance:dataDrivenTesting.SendMessageTestCase@c038203]" name="teardown" is-config="true" duration-ms="330" started-at="2022-07-02T13:16:26Z" finished-at="2022-07-02T13:16:26Z">
          <reporter-output>
          </reporter-output>
        </test-method> <!-- teardown -->
        <test-method status="PASS" signature="setup()[pri:0, instance:dataDrivenTesting.SendMessageTestCase@c038203]" name="setup" is-config="true" duration-ms="2290" started-at="2022-07-02T13:16:26Z" finished-at="2022-07-02T13:16:28Z">
          <reporter-output>
          </reporter-output>
        </test-method> <!-- setup -->
        <test-method status="PASS" signature="sendBulkMessage(java.lang.String, java.lang.String, java.lang.String, java.lang.String, java.lang.String)[pri:0, instance:dataDrivenTesting.SendMessageTestCase@c038203]" name="sendBulkMessage" duration-ms="3295" started-at="2022-07-02T13:16:28Z" data-provider="gettestdata" finished-at="2022-07-02T13:16:32Z">
          <params>
            <param index="0">
              <value>
                <![CDATA[testing]]>
              </value>
            </param>
            <param index="1">
              <value>
                <![CDATA[testing]]>
              </value>
            </param>
            <param index="2">
              <value>
                <![CDATA[https://swhizztesting.com]]>
              </value>
            </param>
            <param index="3">
              <value>
                <![CDATA[Testing batch starts from 20/07/2022]]>
              </value>
            </param>
            <param index="4">
              <value>
                <![CDATA[Pass]]>
              </value>
            </param>
          </params>
          <reporter-output>
          </reporter-output>
        </test-method> <!-- sendBulkMessage -->
        <test-method status="PASS" signature="teardown()[pri:0, instance:dataDrivenTesting.SendMessageTestCase@c038203]" name="teardown" is-config="true" duration-ms="348" started-at="2022-07-02T13:16:32Z" finished-at="2022-07-02T13:16:32Z">
          <reporter-output>
          </reporter-output>
        </test-method> <!-- teardown -->
        <test-method status="PASS" signature="setup()[pri:0, instance:dataDrivenTesting.SendMessageTestCase@c038203]" name="setup" is-config="true" duration-ms="2261" started-at="2022-07-02T13:16:32Z" finished-at="2022-07-02T13:16:34Z">
          <reporter-output>
          </reporter-output>
        </test-method> <!-- setup -->
        <test-method status="FAIL" signature="sendBulkMessage(java.lang.String, java.lang.String, java.lang.String, java.lang.String, java.lang.String)[pri:0, instance:dataDrivenTesting.SendMessageTestCase@c038203]" name="sendBulkMessage" duration-ms="8845" started-at="2022-07-02T13:16:34Z" data-provider="gettestdata" finished-at="2022-07-02T13:16:43Z">
          <params>
            <param index="0">
              <value>
                <![CDATA[java]]>
              </value>
            </param>
            <param index="1">
              <value>
                <![CDATA[java]]>
              </value>
            </param>
            <param index="2">
              <value>
                <![CDATA[https://swhizzjava.com]]>
              </value>
            </param>
            <param index="3">
              <value>
                <![CDATA[JAVA batch starts from 20/07/2022]]>
              </value>
            </param>
            <param index="4">
              <value>
                <![CDATA[Fail]]>
              </value>
            </param>
          </params>
          <exception class="java.lang.AssertionError">
            <message>
              <![CDATA[expected [true] but found [false]]]>
            </message>
            <full-stacktrace>
              <![CDATA[java.lang.AssertionError: expected [true] but found [false]
	at org.testng.Assert.fail(Assert.java:94)
	at org.testng.Assert.failNotEquals(Assert.java:513)
	at org.testng.Assert.assertTrue(Assert.java:42)
	at org.testng.Assert.assertTrue(Assert.java:52)
	at dataDrivenTesting.SendMessageTestCase.sendBulkMessage(SendMessageTestCase.java:67)
	at sun.reflect.NativeMethodAccessorImpl.invoke0(Native Method)
	at sun.reflect.NativeMethodAccessorImpl.invoke(Unknown Source)
	at sun.reflect.DelegatingMethodAccessorImpl.invoke(Unknown Source)
	at java.lang.reflect.Method.invoke(Unknown Source)
	at org.testng.internal.MethodInvocationHelper.invokeMethod(MethodInvocationHelper.java:100)
	at org.testng.internal.Invoker.invokeMethod(Invoker.java:646)
	at org.testng.internal.Invoker.invokeTestMethod(Invoker.java:811)
	at org.testng.internal.Invoker.invokeTestMethods(Invoker.java:1137)
	at org.testng.internal.TestMethodWorker.invokeTestMethods(TestMethodWorker.java:129)
	at org.testng.internal.TestMethodWorker.run(TestMethodWorker.java:112)
	at org.testng.TestRunner.privateRun(TestRunner.java:753)
	at org.testng.TestRunner.run(TestRunner.java:607)
	at org.testng.SuiteRunner.runTest(SuiteRunner.java:368)
	at org.testng.SuiteRunner.runSequentially(SuiteRunner.java:363)
	at org.testng.SuiteRunner.privateRun(SuiteRunner.java:321)
	at org.testng.SuiteRunner.run(SuiteRunner.java:270)
	at org.testng.SuiteRunnerWorker.runSuite(SuiteRunnerWorker.java:52)
	at org.testng.SuiteRunnerWorker.run(SuiteRunnerWorker.java:86)
	at org.testng.TestNG.runSuitesSequentially(TestNG.java:1284)
	at org.testng.TestNG.runSuitesLocally(TestNG.java:1209)
	at org.testng.TestNG.runSuites(TestNG.java:1124)
	at org.testng.TestNG.run(TestNG.java:1096)
	at org.testng.remote.AbstractRemoteTestNG.run(AbstractRemoteTestNG.java:132)
	at org.testng.remote.RemoteTestNG.initAndRun(RemoteTestNG.java:236)
	at org.testng.remote.RemoteTestNG.main(RemoteTestNG.java:81)
]]>
            </full-stacktrace>
          </exception> <!-- java.lang.AssertionError -->
          <reporter-output>
          </reporter-output>
        </test-method> <!-- sendBulkMessage -->
        <test-method status="PASS" signature="teardown()[pri:0, instance:dataDrivenTesting.SendMessageTestCase@c038203]" name="teardown" is-config="true" duration-ms="317" started-at="2022-07-02T13:16:43Z" finished-at="2022-07-02T13:16:43Z">
          <reporter-output>
          </reporter-output>
        </test-method> <!-- teardown -->
        <test-method status="PASS" signature="setup()[pri:0, instance:dataDrivenTesting.SendMessageTestCase@c038203]" name="setup" is-config="true" duration-ms="2280" started-at="2022-07-02T13:16:43Z" finished-at="2022-07-02T13:16:46Z">
          <reporter-output>
          </reporter-output>
        </test-method> <!-- setup -->
        <test-method status="FAIL" signature="sendBulkMessage(java.lang.String, java.lang.String, java.lang.String, java.lang.String, java.lang.String)[pri:0, instance:dataDrivenTesting.SendMessageTestCase@c038203]" name="sendBulkMessage" duration-ms="5571" started-at="2022-07-02T13:16:46Z" data-provider="gettestdata" finished-at="2022-07-02T13:16:51Z">
          <params>
            <param index="0">
              <value>
                <![CDATA[Mule soft]]>
              </value>
            </param>
            <param index="1">
              <value>
                <![CDATA[Mule soft]]>
              </value>
            </param>
            <param index="2">
              <value>
                <![CDATA[https://swhizzmulesoft.com]]>
              </value>
            </param>
            <param index="3">
              <value>
                <![CDATA[mulesoft batch starts from 23/07/2022]]>
              </value>
            </param>
            <param index="4">
              <value>
                <![CDATA[Fail]]>
              </value>
            </param>
          </params>
          <exception class="java.lang.AssertionError">
            <message>
              <![CDATA[expected [true] but found [false]]]>
            </message>
            <full-stacktrace>
              <![CDATA[java.lang.AssertionError: expected [true] but found [false]
	at org.testng.Assert.fail(Assert.java:94)
	at org.testng.Assert.failNotEquals(Assert.java:513)
	at org.testng.Assert.assertTrue(Assert.java:42)
	at org.testng.Assert.assertTrue(Assert.java:52)
	at dataDrivenTesting.SendMessageTestCase.sendBulkMessage(SendMessageTestCase.java:67)
	at sun.reflect.NativeMethodAccessorImpl.invoke0(Native Method)
	at sun.reflect.NativeMethodAccessorImpl.invoke(Unknown Source)
	at sun.reflect.DelegatingMethodAccessorImpl.invoke(Unknown Source)
	at java.lang.reflect.Method.invoke(Unknown Source)
	at org.testng.internal.MethodInvocationHelper.invokeMethod(MethodInvocationHelper.java:100)
	at org.testng.internal.Invoker.invokeMethod(Invoker.java:646)
	at org.testng.internal.Invoker.invokeTestMethod(Invoker.java:811)
	at org.testng.internal.Invoker.invokeTestMethods(Invoker.java:1137)
	at org.testng.internal.TestMethodWorker.invokeTestMethods(TestMethodWorker.java:129)
	at org.testng.internal.TestMethodWorker.run(TestMethodWorker.java:112)
	at org.testng.TestRunner.privateRun(TestRunner.java:753)
	at org.testng.TestRunner.run(TestRunner.java:607)
	at org.testng.SuiteRunner.runTest(SuiteRunner.java:368)
	at org.testng.SuiteRunner.runSequentially(SuiteRunner.java:363)
	at org.testng.SuiteRunner.privateRun(SuiteRunner.java:321)
	at org.testng.SuiteRunner.run(SuiteRunner.java:270)
	at org.testng.SuiteRunnerWorker.runSuite(SuiteRunnerWorker.java:52)
	at org.testng.SuiteRunnerWorker.run(SuiteRunnerWorker.java:86)
	at org.testng.TestNG.runSuitesSequentially(TestNG.java:1284)
	at org.testng.TestNG.runSuitesLocally(TestNG.java:1209)
	at org.testng.TestNG.runSuites(TestNG.java:1124)
	at org.testng.TestNG.run(TestNG.java:1096)
	at org.testng.remote.AbstractRemoteTestNG.run(AbstractRemoteTestNG.java:132)
	at org.testng.remote.RemoteTestNG.initAndRun(RemoteTestNG.java:236)
	at org.testng.remote.RemoteTestNG.main(RemoteTestNG.java:81)
]]>
            </full-stacktrace>
          </exception> <!-- java.lang.AssertionError -->
          <reporter-output>
          </reporter-output>
        </test-method> <!-- sendBulkMessage -->
        <test-method status="PASS" signature="teardown()[pri:0, instance:dataDrivenTesting.SendMessageTestCase@c038203]" name="teardown" is-config="true" duration-ms="372" started-at="2022-07-02T13:16:51Z" finished-at="2022-07-02T13:16:52Z">
          <reporter-output>
          </reporter-output>
        </test-method> <!-- teardown -->
        <test-method status="PASS" signature="setup()[pri:0, instance:dataDrivenTesting.SendMessageTestCase@c038203]" name="setup" is-config="true" duration-ms="2249" started-at="2022-07-02T13:16:52Z" finished-at="2022-07-02T13:16:54Z">
          <reporter-output>
          </reporter-output>
        </test-method> <!-- setup -->
        <test-method status="PASS" signature="sendBulkMessage(java.lang.String, java.lang.String, java.lang.String, java.lang.String, java.lang.String)[pri:0, instance:dataDrivenTesting.SendMessageTestCase@c038203]" name="sendBulkMessage" duration-ms="5544" started-at="2022-07-02T13:16:54Z" data-provider="gettestdata" finished-at="2022-07-02T13:16:59Z">
          <params>
            <param index="0">
              <value>
                <![CDATA[Python]]>
              </value>
            </param>
            <param index="1">
              <value>
                <![CDATA[python]]>
              </value>
            </param>
            <param index="2">
              <value>
                <![CDATA[https://swhizzpython.com]]>
              </value>
            </param>
            <param index="3">
              <value>
                <![CDATA[python batch starts from 23/07/2022]]>
              </value>
            </param>
            <param index="4">
              <value>
                <![CDATA[Pass]]>
              </value>
            </param>
          </params>
          <reporter-output>
          </reporter-output>
        </test-method> <!-- sendBulkMessage -->
        <test-method status="PASS" signature="teardown()[pri:0, instance:dataDrivenTesting.SendMessageTestCase@c038203]" name="teardown" is-config="true" duration-ms="423" started-at="2022-07-02T13:16:59Z" finished-at="2022-07-02T13:17:00Z">
          <reporter-output>
          </reporter-output>
        </test-method> <!-- teardown -->
      </class> <!-- dataDrivenTesting.SendMessageTestCase -->
    </test> <!-- Default test -->
  </suite> <!-- Default suite -->
</testng-results>
